[debug] [2022-04-03T04:28:09.177Z] ----------------------------------------------------------------------
[debug] [2022-04-03T04:28:09.185Z] Command:       C:\Program Files\nodejs\node.exe C:\Users\Gaurav Bhukte\AppData\Roaming\npm\node_modules\firebase-tools\lib\bin\firebase.js init
[debug] [2022-04-03T04:28:09.188Z] CLI Version:   10.5.0
[debug] [2022-04-03T04:28:09.188Z] Platform:      win32
[debug] [2022-04-03T04:28:09.189Z] Node Version:  v16.14.2
[debug] [2022-04-03T04:28:09.202Z] Time:          Sun Apr 03 2022 09:58:09 GMT+0530 (India Standard Time)
[debug] [2022-04-03T04:28:09.203Z] ----------------------------------------------------------------------
[debug] 
[debug] [2022-04-03T04:28:09.638Z] > command requires scopes: ["email","openid","https://www.googleapis.com/auth/cloudplatformprojects.readonly","https://www.googleapis.com/auth/firebase","https://www.googleapis.com/auth/cloud-platform"]
[debug] [2022-04-03T04:28:09.645Z] > authorizing via signed-in user (dypiemrieee@gmail.com)
[info] 
     ######## #### ########  ######## ########     ###     ######  ########
     ##        ##  ##     ## ##       ##     ##  ##   ##  ##       ##
     ######    ##  ########  ######   ########  #########  ######  ######
     ##        ##  ##    ##  ##       ##     ## ##     ##       ## ##
     ##       #### ##     ## ######## ########  ##     ##  ######  ########

You're about to initialize a Firebase project in this directory:

  C:\ieee-test\client

Before we get started, keep in mind:

  * You are currently outside your home directory
  * You are initializing within an existing Firebase project directory

